Merge made by the 'recursive' strategy.
 conftest.py                                        |   4 +-
 function_tests/part005.2.1/test_0006_part5_2_1.py  |   2 +-
 .../part007/part007.3.012/test_0003_part7_3_12.py  |  43 +++---
 .../part007/part007.3.012/test_0005_part7_3_12.py  |   4 +-
 .../part007/part007.3.012/test_0006_part7_3_12.py  |   2 +-
 .../part007/part007.3.012/test_0007_part7_3_12.py  |   2 +-
 .../part007/part007.3.012/test_0008_part7_3_12.py  |  30 ++--
 .../part007/part007.3.012/test_0009_part7_3_12.py  |  64 ++++----
 .../part007/part007.3.012/test_0010_part7_3_12.py  |   6 +-
 .../part007/part007.3.012/test_0011_part7_3_12.py  | 168 +++++++++++++++++++++
 .../part007/part007.3.012/test_0012_part7_3_12.py  |  70 +++++++++
 .../part007/part007.3.012/test_0013_part7_3_12.py  |  80 ++++++++++
 .../part007/part007.3.012/test_0014_part7_3_12.py  |  66 ++++++++
 .../part007/part007.3.012/test_0015_part7_3_12.py  |  71 +++++++++
 .../part007/part007.3.012/test_0016_part7_3_12.py  |  96 ++++++++++++
 .../part007/part007.3.012/test_0017_part7_3_12.py  |  78 ++++++++++
 .../part007/part007.3.012/test_0018_part7_3_12.py  |  86 +++++++++++
 .../part021/part021.3/test_0002_part21_3.py        |   6 +-
 function_tests/part025.1/test_0003_part25_1.py     |   4 +-
 templates/parse_show_bgp_ip_unic.txt               |   2 +-
 .../parse_show_bgp_ip_unic_neib_advert_routes.txt  |   3 +-
 templates/parse_show_bgp_neighbors.txt             |  10 +-
 templates/parse_show_bgp_pref.txt                  |  15 +-
 23 files changed, 807 insertions(+), 105 deletions(-)
 create mode 100644 function_tests/part007/part007.3.012/test_0011_part7_3_12.py
 create mode 100644 function_tests/part007/part007.3.012/test_0012_part7_3_12.py
 create mode 100644 function_tests/part007/part007.3.012/test_0013_part7_3_12.py
 create mode 100644 function_tests/part007/part007.3.012/test_0014_part7_3_12.py
 create mode 100644 function_tests/part007/part007.3.012/test_0015_part7_3_12.py
 create mode 100644 function_tests/part007/part007.3.012/test_0016_part7_3_12.py
 create mode 100644 function_tests/part007/part007.3.012/test_0017_part7_3_12.py
 create mode 100644 function_tests/part007/part007.3.012/test_0018_part7_3_12.py
